::1 - - [25/Jul/2024:21:20:32 +0000] "POST /auth/send-otp HTTP/1.1" 200 35 "-" "PostmanRuntime/7.36.1"
::1 - - [25/Jul/2024:21:20:37 +0000] "POST /auth/send-otp HTTP/1.1" 200 35 "-" "PostmanRuntime/7.36.1"
::1 - - [26/Jul/2024:08:01:23 +0000] "POST /auth/send-otp HTTP/1.1" 200 35 "-" "PostmanRuntime/7.36.1"
::1 - - [26/Jul/2024:08:48:33 +0000] "POST /auth/login HTTP/1.1" - - "-" "PostmanRuntime/7.36.1"
::1 - - [26/Jul/2024:08:48:49 +0000] "POST /auth/login?username=hamed HTTP/1.1" - - "-" "PostmanRuntime/7.36.1"
::1 - - [26/Jul/2024:08:48:50 +0000] "POST /auth/login HTTP/1.1" - - "-" "PostmanRuntime/7.36.1"
::1 - - [26/Jul/2024:08:48:55 +0000] "POST /auth/login HTTP/1.1" - - "-" "PostmanRuntime/7.36.1"
::1 - - [26/Jul/2024:08:48:56 +0000] "GET /auth/login HTTP/1.1" 404 40 "-" "PostmanRuntime/7.36.1"
::1 - - [26/Jul/2024:08:49:04 +0000] "PATCH /auth/login HTTP/1.1" 404 40 "-" "PostmanRuntime/7.36.1"
::1 - - [26/Jul/2024:08:49:39 +0000] "POST /auth/login HTTP/1.1" 404 40 "-" "PostmanRuntime/7.36.1"
::1 - - [26/Jul/2024:08:49:43 +0000] "POST /auth/login HTTP/1.1" 404 40 "-" "PostmanRuntime/7.36.1"
::1 - - [26/Jul/2024:08:50:26 +0000] "POST /auth/login HTTP/1.1" 200 25 "-" "PostmanRuntime/7.36.1"
::1 - - [26/Jul/2024:08:50:31 +0000] "POST /auth/login HTTP/1.1" 200 25 "-" "PostmanRuntime/7.36.1"
::1 - - [26/Jul/2024:08:52:44 +0000] "POST /auth/login HTTP/1.1" 200 25 "-" "PostmanRuntime/7.36.1"
::1 - - [26/Jul/2024:08:54:33 +0000] "POST /auth/login HTTP/1.1" 200 25 "-" "PostmanRuntime/7.36.1"
::1 - - [26/Jul/2024:08:54:36 +0000] "POST /auth/login HTTP/1.1" 200 25 "-" "PostmanRuntime/7.36.1"
::1 - - [26/Jul/2024:08:59:22 +0000] "POST /auth/login HTTP/1.1" 200 25 "-" "PostmanRuntime/7.36.1"
::1 - - [26/Jul/2024:09:04:52 +0000] "POST /auth/login HTTP/1.1" 400 462 "-" "PostmanRuntime/7.36.1"
::1 - - [26/Jul/2024:09:06:24 +0000] "POST /auth/login HTTP/1.1" 400 505 "-" "PostmanRuntime/7.36.1"
::1 - - [26/Jul/2024:09:07:18 +0000] "POST /auth/login HTTP/1.1" 400 501 "-" "PostmanRuntime/7.36.1"
::1 - - [26/Jul/2024:09:11:10 +0000] "POST /auth/login HTTP/1.1" 400 505 "-" "PostmanRuntime/7.36.1"
::1 - - [26/Jul/2024:09:12:38 +0000] "POST /auth/login HTTP/1.1" 400 527 "-" "PostmanRuntime/7.36.1"
::1 - - [26/Jul/2024:09:18:40 +0000] "POST /auth/login HTTP/1.1" 400 187 "-" "PostmanRuntime/7.36.1"
::1 - - [26/Jul/2024:09:19:02 +0000] "POST /auth/login HTTP/1.1" 400 187 "-" "PostmanRuntime/7.36.1"
::1 - - [26/Jul/2024:09:19:11 +0000] "POST /auth/login HTTP/1.1" 400 187 "-" "PostmanRuntime/7.36.1"
::1 - - [26/Jul/2024:09:19:16 +0000] "POST /auth/login HTTP/1.1" 400 187 "-" "PostmanRuntime/7.36.1"
::1 - - [26/Jul/2024:09:19:20 +0000] "POST /auth/login HTTP/1.1" 400 187 "-" "PostmanRuntime/7.36.1"
::1 - - [26/Jul/2024:09:19:46 +0000] "POST /auth/login HTTP/1.1" 400 207 "-" "PostmanRuntime/7.36.1"
::1 - - [26/Jul/2024:09:20:02 +0000] "POST /auth/login HTTP/1.1" 400 220 "-" "PostmanRuntime/7.36.1"
::1 - - [26/Jul/2024:09:20:13 +0000] "POST /auth/login HTTP/1.1" 400 94 "-" "PostmanRuntime/7.36.1"
::1 - - [26/Jul/2024:09:21:17 +0000] "POST /auth/login HTTP/1.1" 400 140 "-" "PostmanRuntime/7.36.1"
::1 - - [26/Jul/2024:09:21:31 +0000] "POST /auth/login HTTP/1.1" 400 265 "-" "PostmanRuntime/7.36.1"
::1 - - [26/Jul/2024:09:28:20 +0000] "POST /auth/login HTTP/1.1" 400 265 "-" "PostmanRuntime/7.36.1"
::1 - - [26/Jul/2024:09:29:00 +0000] "POST /auth/login HTTP/1.1" 400 263 "-" "PostmanRuntime/7.36.1"
::1 - - [26/Jul/2024:09:30:15 +0000] "POST /auth/login HTTP/1.1" 400 230 "-" "PostmanRuntime/7.36.1"
::1 - - [26/Jul/2024:09:30:38 +0000] "POST /auth/login HTTP/1.1" 400 244 "-" "PostmanRuntime/7.36.1"
::1 - - [26/Jul/2024:09:39:45 +0000] "POST /auth/login HTTP/1.1" 200 244 "-" "PostmanRuntime/7.36.1"
::1 - - [26/Jul/2024:09:39:58 +0000] "POST /auth/login HTTP/1.1" 200 144 "-" "PostmanRuntime/7.36.1"
::1 - - [26/Jul/2024:09:40:06 +0000] "POST /auth/login HTTP/1.1" 200 16 "-" "PostmanRuntime/7.36.1"
::1 - - [26/Jul/2024:09:44:46 +0000] "POST /auth/login HTTP/1.1" 200 16 "-" "PostmanRuntime/7.36.1"
::1 - - [26/Jul/2024:09:44:57 +0000] "POST /auth/login HTTP/1.1" 200 16 "-" "PostmanRuntime/7.36.1"
::1 - - [26/Jul/2024:09:45:05 +0000] "POST /auth/login HTTP/1.1" 200 143 "-" "PostmanRuntime/7.36.1"
::1 - - [26/Jul/2024:09:48:15 +0000] "POST /auth/login HTTP/1.1" 400 143 "-" "PostmanRuntime/7.36.1"
::1 - - [26/Jul/2024:09:48:17 +0000] "POST /auth/login HTTP/1.1" 400 143 "-" "PostmanRuntime/7.36.1"
::1 - - [26/Jul/2024:10:29:00 +0000] "POST /user/create HTTP/1.1" 400 399 "-" "PostmanRuntime/7.36.1"
::1 - - [26/Jul/2024:10:30:06 +0000] "POST /user/create HTTP/1.1" 200 98 "-" "PostmanRuntime/7.36.1"
::1 - - [26/Jul/2024:10:32:06 +0000] "POST /user/create HTTP/1.1" 200 98 "-" "PostmanRuntime/7.36.1"
::1 - - [26/Jul/2024:10:42:11 +0000] "POST /user/create HTTP/1.1" 200 98 "-" "PostmanRuntime/7.36.1"
::1 - - [26/Jul/2024:10:44:00 +0000] "POST /user/create HTTP/1.1" 200 98 "-" "PostmanRuntime/7.36.1"
::1 - - [26/Jul/2024:10:45:56 +0000] "POST /user/create HTTP/1.1" 200 98 "-" "PostmanRuntime/7.36.1"
::1 - - [26/Jul/2024:11:22:49 +0000] "POST /user/create HTTP/1.1" 200 98 "-" "PostmanRuntime/7.36.1"
::1 - - [26/Jul/2024:11:24:05 +0000] "POST /user/create HTTP/1.1" 200 98 "-" "PostmanRuntime/7.36.1"
::1 - - [26/Jul/2024:11:48:15 +0000] "POST /user/create HTTP/1.1" 200 98 "-" "PostmanRuntime/7.36.1"
::1 - - [26/Jul/2024:11:50:01 +0000] "POST /user/create HTTP/1.1" 200 98 "-" "PostmanRuntime/7.36.1"
::1 - - [26/Jul/2024:11:50:14 +0000] "POST /user/create HTTP/1.1" 200 98 "-" "PostmanRuntime/7.36.1"
::1 - - [26/Jul/2024:11:51:57 +0000] "POST /user/create HTTP/1.1" 200 98 "-" "PostmanRuntime/7.36.1"
::1 - - [26/Jul/2024:11:53:00 +0000] "POST /user/create HTTP/1.1" 200 98 "-" "PostmanRuntime/7.36.1"
::1 - - [26/Jul/2024:11:55:14 +0000] "POST /user/create HTTP/1.1" 200 98 "-" "PostmanRuntime/7.36.1"
::1 - - [26/Jul/2024:11:55:47 +0000] "POST /user/create HTTP/1.1" 200 98 "-" "PostmanRuntime/7.36.1"
::1 - - [26/Jul/2024:11:56:04 +0000] "POST /user/create HTTP/1.1" 200 98 "-" "PostmanRuntime/7.36.1"
::1 - - [26/Jul/2024:12:08:48 +0000] "POST /user/create HTTP/1.1" 200 2 "-" "PostmanRuntime/7.36.1"
::1 - - [26/Jul/2024:12:10:15 +0000] "POST /user/create HTTP/1.1" 500 52 "-" "PostmanRuntime/7.36.1"
::1 - - [26/Jul/2024:12:27:09 +0000] "POST /user/create HTTP/1.1" 500 52 "-" "PostmanRuntime/7.36.1"
::1 - - [26/Jul/2024:12:29:33 +0000] "POST /user/create HTTP/1.1" 200 2 "-" "PostmanRuntime/7.36.1"
::1 - - [26/Jul/2024:12:31:16 +0000] "POST /user/create HTTP/1.1" 200 2 "-" "PostmanRuntime/7.36.1"
::1 - - [26/Jul/2024:12:31:19 +0000] "POST /user/create HTTP/1.1" 200 2 "-" "PostmanRuntime/7.36.1"
::1 - - [26/Jul/2024:12:32:09 +0000] "POST /user/create HTTP/1.1" 200 2 "-" "PostmanRuntime/7.36.1"
::1 - - [26/Jul/2024:12:32:10 +0000] "POST /user/create HTTP/1.1" 200 2 "-" "PostmanRuntime/7.36.1"
::1 - - [26/Jul/2024:12:32:11 +0000] "POST /user/create HTTP/1.1" 200 2 "-" "PostmanRuntime/7.36.1"
::1 - - [26/Jul/2024:12:32:13 +0000] "POST /user/create HTTP/1.1" 200 2 "-" "PostmanRuntime/7.36.1"
::1 - - [26/Jul/2024:12:33:55 +0000] "POST /user/create HTTP/1.1" 500 52 "-" "PostmanRuntime/7.36.1"
::1 - - [26/Jul/2024:12:36:15 +0000] "POST /user/create HTTP/1.1" 200 40 "-" "PostmanRuntime/7.36.1"
::1 - - [26/Jul/2024:13:00:00 +0000] "POST /user/create HTTP/1.1" 400 42 "-" "PostmanRuntime/7.36.1"
::1 - - [26/Jul/2024:13:05:38 +0000] "POST /user/create HTTP/1.1" 400 93 "-" "PostmanRuntime/7.36.1"
::1 - - [26/Jul/2024:13:06:16 +0000] "POST /user/create HTTP/1.1" 200 269 "-" "PostmanRuntime/7.36.1"
::1 - - [26/Jul/2024:13:10:11 +0000] "POST /user/create HTTP/1.1" 400 93 "-" "PostmanRuntime/7.36.1"
::1 - - [26/Jul/2024:13:10:22 +0000] "POST /user/create HTTP/1.1" 200 329 "-" "PostmanRuntime/7.36.1"
::1 - - [26/Jul/2024:13:15:49 +0000] "POST /user/create HTTP/1.1" 400 93 "-" "PostmanRuntime/7.36.1"
::1 - - [26/Jul/2024:13:16:02 +0000] "POST /user/create HTTP/1.1" 400 93 "-" "PostmanRuntime/7.36.1"
::1 - - [26/Jul/2024:13:16:03 +0000] "POST /user/create HTTP/1.1" 400 93 "-" "PostmanRuntime/7.36.1"
::1 - - [26/Jul/2024:13:16:05 +0000] "POST /user/create HTTP/1.1" 400 93 "-" "PostmanRuntime/7.36.1"
::1 - - [26/Jul/2024:13:16:06 +0000] "POST /user/create HTTP/1.1" 400 93 "-" "PostmanRuntime/7.36.1"
::1 - - [26/Jul/2024:13:18:08 +0000] "POST /user/create HTTP/1.1" 400 190 "-" "PostmanRuntime/7.36.1"
::1 - - [26/Jul/2024:13:18:43 +0000] "POST /user/create HTTP/1.1" 400 195 "-" "PostmanRuntime/7.36.1"
::1 - - [26/Jul/2024:13:18:50 +0000] "POST /user/create HTTP/1.1" 400 93 "-" "PostmanRuntime/7.36.1"
::1 - - [26/Jul/2024:13:20:15 +0000] "POST /auth/login HTTP/1.1" 400 217 "-" "PostmanRuntime/7.36.1"
::1 - - [26/Jul/2024:13:21:38 +0000] "POST /auth/login HTTP/1.1" 400 262 "-" "PostmanRuntime/7.36.1"
::1 - - [26/Jul/2024:13:22:14 +0000] "POST /auth/login HTTP/1.1" 400 284 "-" "PostmanRuntime/7.36.1"
::1 - - [26/Jul/2024:13:22:20 +0000] "POST /auth/login HTTP/1.1" 400 187 "-" "PostmanRuntime/7.36.1"
::1 - - [26/Jul/2024:13:23:04 +0000] "POST /auth/login HTTP/1.1" 400 288 "-" "PostmanRuntime/7.36.1"
::1 - - [26/Jul/2024:13:23:12 +0000] "POST /auth/login HTTP/1.1" 400 288 "-" "PostmanRuntime/7.36.1"
::1 - - [26/Jul/2024:13:23:16 +0000] "POST /auth/login HTTP/1.1" 400 288 "-" "PostmanRuntime/7.36.1"
::1 - - [26/Jul/2024:13:30:30 +0000] "POST /auth/login HTTP/1.1" 200 16 "-" "PostmanRuntime/7.36.1"
::1 - - [26/Jul/2024:13:35:03 +0000] "POST /auth/login HTTP/1.1" 400 64 "-" "PostmanRuntime/7.36.1"
::1 - - [26/Jul/2024:13:35:12 +0000] "POST /auth/login HTTP/1.1" 400 64 "-" "PostmanRuntime/7.36.1"
::1 - - [26/Jul/2024:13:35:14 +0000] "POST /auth/login HTTP/1.1" 400 64 "-" "PostmanRuntime/7.36.1"
::1 - - [26/Jul/2024:13:35:20 +0000] "POST /auth/login HTTP/1.1" 400 64 "-" "PostmanRuntime/7.36.1"
::1 - - [26/Jul/2024:13:35:27 +0000] "POST /auth/login HTTP/1.1" 200 76 "-" "PostmanRuntime/7.36.1"
::1 - - [01/Aug/2024:09:07:50 +0000] "POST /auth/login HTTP/1.1" 200 76 "-" "PostmanRuntime/7.37.3"
::1 - - [01/Aug/2024:09:08:08 +0000] "POST /auth/login HTTP/1.1" 400 64 "-" "PostmanRuntime/7.37.3"
::1 - - [01/Aug/2024:09:08:23 +0000] "POST /auth/login HTTP/1.1" 200 76 "-" "PostmanRuntime/7.37.3"
::1 - - [01/Aug/2024:09:08:30 +0000] "POST /auth/login HTTP/1.1" 400 187 "-" "PostmanRuntime/7.37.3"
::1 - - [01/Aug/2024:09:09:24 +0000] "POST /auth/login HTTP/1.1" 200 76 "-" "PostmanRuntime/7.37.3"
::1 - - [01/Aug/2024:10:26:21 +0000] "POST /auth/login HTTP/1.1" 200 383 "-" "PostmanRuntime/7.37.3"
::1 - - [01/Aug/2024:10:32:02 +0000] "POST /auth/login HTTP/1.1" 200 383 "-" "PostmanRuntime/7.37.3"
::1 - - [01/Aug/2024:10:34:36 +0000] "POST /auth/login HTTP/1.1" 400 194 "-" "PostmanRuntime/7.37.3"
::1 - - [01/Aug/2024:10:35:07 +0000] "POST /auth/login HTTP/1.1" 400 64 "-" "PostmanRuntime/7.37.3"
::1 - - [01/Aug/2024:10:35:18 +0000] "POST /auth/login HTTP/1.1" 200 383 "-" "PostmanRuntime/7.37.3"
::1 - - [01/Aug/2024:12:13:32 +0000] "POST /auth/login HTTP/1.1" 200 613 "-" "PostmanRuntime/7.37.3"
::1 - - [01/Aug/2024:12:36:58 +0000] "POST /auth/login HTTP/1.1" 200 613 "-" "PostmanRuntime/7.37.3"
::1 - - [01/Aug/2024:12:47:26 +0000] "POST /auth/login HTTP/1.1" 200 613 "-" "PostmanRuntime/7.37.3"
::1 - - [01/Aug/2024:12:49:39 +0000] "POST /auth/login HTTP/1.1" 200 613 "-" "PostmanRuntime/7.37.3"
::1 - - [01/Aug/2024:12:53:30 +0000] "POST /user/create HTTP/1.1" 500 64 "-" "PostmanRuntime/7.37.3"
::1 - - [01/Aug/2024:12:53:36 +0000] "POST /user/create HTTP/1.1" 500 64 "-" "PostmanRuntime/7.37.3"
::1 - - [01/Aug/2024:12:54:13 +0000] "POST /user/create HTTP/1.1" 500 64 "-" "PostmanRuntime/7.37.3"
::1 - - [01/Aug/2024:12:54:42 +0000] "POST /user/create HTTP/1.1" 200 338 "-" "PostmanRuntime/7.37.3"
::1 - - [01/Aug/2024:12:55:36 +0000] "POST /user/create HTTP/1.1" 400 93 "-" "PostmanRuntime/7.37.3"
::1 - - [01/Aug/2024:12:55:49 +0000] "POST /user/create HTTP/1.1" 200 338 "-" "PostmanRuntime/7.37.3"
::1 - - [01/Aug/2024:12:56:51 +0000] "POST /auth/login HTTP/1.1" 200 613 "-" "PostmanRuntime/7.37.3"
::1 - - [01/Aug/2024:12:58:15 +0000] "POST /auth/login HTTP/1.1" 200 613 "-" "PostmanRuntime/7.37.3"
::1 - - [01/Aug/2024:13:06:46 +0000] "POST /auth/login HTTP/1.1" 200 384 "-" "PostmanRuntime/7.37.3"
::1 - - [01/Aug/2024:13:08:51 +0000] "POST /auth/login HTTP/1.1" 500 64 "-" "PostmanRuntime/7.37.3"
::1 - - [01/Aug/2024:13:20:28 +0000] "POST /auth/refresh-token HTTP/1.1" 200 39 "-" "PostmanRuntime/7.37.3"
::1 - - [01/Aug/2024:13:20:51 +0000] "POST /auth/refresh-token HTTP/1.1" 200 39 "-" "PostmanRuntime/7.37.3"
::1 - - [01/Aug/2024:13:21:54 +0000] "POST /auth/refresh-token HTTP/1.1" 400 184 "-" "PostmanRuntime/7.37.3"
::1 - - [01/Aug/2024:13:22:14 +0000] "POST /auth/refresh-token HTTP/1.1" 400 195 "-" "PostmanRuntime/7.37.3"
::1 - - [01/Aug/2024:13:22:28 +0000] "POST /auth/refresh-token HTTP/1.1" 200 39 "-" "PostmanRuntime/7.37.3"
::1 - - [01/Aug/2024:13:27:07 +0000] "POST /auth/refresh-token HTTP/1.1" - - "-" "PostmanRuntime/7.37.3"
::1 - - [01/Aug/2024:13:29:58 +0000] "POST /auth/refresh-token HTTP/1.1" 200 39 "-" "PostmanRuntime/7.37.3"
::1 - - [01/Aug/2024:13:52:17 +0000] "POST /auth/refresh-token HTTP/1.1" 200 39 "-" "PostmanRuntime/7.37.3"
::1 - - [01/Aug/2024:13:52:26 +0000] "POST /auth/refresh-token HTTP/1.1" 200 39 "-" "PostmanRuntime/7.37.3"
::1 - - [01/Aug/2024:13:52:54 +0000] "POST /auth/refresh-token HTTP/1.1" 200 2 "-" "PostmanRuntime/7.37.3"
::1 - - [01/Aug/2024:13:53:29 +0000] "POST /auth/refresh-token HTTP/1.1" 500 48 "-" "PostmanRuntime/7.37.3"
::1 - - [01/Aug/2024:14:13:37 +0000] "POST /auth/refresh-token HTTP/1.1" 500 48 "-" "PostmanRuntime/7.37.3"
::1 - - [01/Aug/2024:14:13:39 +0000] "POST /auth/refresh-token HTTP/1.1" 500 48 "-" "PostmanRuntime/7.37.3"
::1 - - [01/Aug/2024:14:13:50 +0000] "POST /auth/login HTTP/1.1" 200 613 "-" "PostmanRuntime/7.37.3"
::1 - - [01/Aug/2024:14:14:05 +0000] "POST /auth/refresh-token HTTP/1.1" 500 58 "-" "PostmanRuntime/7.37.3"
::1 - - [01/Aug/2024:14:15:08 +0000] "POST /auth/refresh-token HTTP/1.1" 500 58 "-" "PostmanRuntime/7.37.3"
::1 - - [01/Aug/2024:14:15:10 +0000] "POST /auth/refresh-token HTTP/1.1" 500 58 "-" "PostmanRuntime/7.37.3"
::1 - - [01/Aug/2024:14:16:01 +0000] "POST /auth/refresh-token HTTP/1.1" 500 58 "-" "PostmanRuntime/7.37.3"
::1 - - [01/Aug/2024:14:16:03 +0000] "POST /auth/refresh-token HTTP/1.1" 500 58 "-" "PostmanRuntime/7.37.3"
::1 - - [01/Aug/2024:14:17:20 +0000] "POST /auth/refresh-token HTTP/1.1" 500 55 "-" "PostmanRuntime/7.37.3"
::1 - - [01/Aug/2024:14:17:55 +0000] "POST /auth/refresh-token HTTP/1.1" 200 16 "-" "PostmanRuntime/7.37.3"
::1 - - [01/Aug/2024:14:19:18 +0000] "POST /auth/refresh-token HTTP/1.1" 500 108 "-" "PostmanRuntime/7.37.3"
::1 - - [01/Aug/2024:14:19:55 +0000] "POST /auth/refresh-token HTTP/1.1" 500 108 "-" "PostmanRuntime/7.37.3"
::1 - - [01/Aug/2024:14:21:17 +0000] "POST /auth/refresh-token HTTP/1.1" 200 226 "-" "PostmanRuntime/7.37.3"
::1 - - [01/Aug/2024:14:22:33 +0000] "POST /auth/refresh-token HTTP/1.1" 200 274 "-" "PostmanRuntime/7.37.3"
::1 - - [01/Aug/2024:18:31:15 +0000] "POST /auth/refresh-token HTTP/1.1" 401 48 "-" "PostmanRuntime/7.37.3"
::1 - - [01/Aug/2024:18:31:21 +0000] "POST /auth/refresh-token HTTP/1.1" 401 48 "-" "PostmanRuntime/7.37.3"
::1 - - [01/Aug/2024:18:31:46 +0000] "POST /auth/refresh-token HTTP/1.1" 401 48 "-" "PostmanRuntime/7.37.3"
::1 - - [01/Aug/2024:18:31:47 +0000] "POST /auth/refresh-token HTTP/1.1" 401 48 "-" "PostmanRuntime/7.37.3"
::1 - - [01/Aug/2024:18:32:03 +0000] "POST /auth/refresh-token HTTP/1.1" 500 44 "-" "PostmanRuntime/7.37.3"
::1 - - [01/Aug/2024:18:36:23 +0000] "POST /auth/refresh-token HTTP/1.1" 500 42 "-" "PostmanRuntime/7.37.3"
::1 - - [01/Aug/2024:18:37:00 +0000] "POST /auth/refresh-token HTTP/1.1" 500 42 "-" "PostmanRuntime/7.37.3"
::1 - - [01/Aug/2024:18:39:29 +0000] "POST /auth/refresh-token HTTP/1.1" 401 47 "-" "PostmanRuntime/7.37.3"
::1 - - [01/Aug/2024:18:39:38 +0000] "POST /auth/login HTTP/1.1" 200 613 "-" "PostmanRuntime/7.37.3"
::1 - - [01/Aug/2024:20:46:48 +0000] "POST /auth/login HTTP/1.1" 400 64 "-" "PostmanRuntime/7.37.3"
::1 - - [01/Aug/2024:20:46:54 +0000] "POST /auth/login HTTP/1.1" 400 193 "-" "PostmanRuntime/7.37.3"
::1 - - [01/Aug/2024:20:52:34 +0000] "POST /auth/refresh-token HTTP/1.1" 401 47 "-" "PostmanRuntime/7.37.3"
::1 - - [01/Aug/2024:20:55:33 +0000] "POST /auth/refresh-token HTTP/1.1" 401 47 "-" "PostmanRuntime/7.37.3"
::1 - - [01/Aug/2024:20:55:38 +0000] "POST /auth/login HTTP/1.1" 400 193 "-" "PostmanRuntime/7.37.3"
::1 - - [01/Aug/2024:20:55:43 +0000] "POST /auth/login HTTP/1.1" 200 613 "-" "PostmanRuntime/7.37.3"
::1 - - [02/Aug/2024:09:34:19 +0000] "POST /auth/refresh-token HTTP/1.1" 401 47 "-" "PostmanRuntime/7.37.3"
::1 - - [02/Aug/2024:09:34:23 +0000] "POST /auth/refresh-token HTTP/1.1" 401 47 "-" "PostmanRuntime/7.37.3"
::1 - - [02/Aug/2024:09:34:24 +0000] "POST /auth/refresh-token HTTP/1.1" 401 47 "-" "PostmanRuntime/7.37.3"
::1 - - [02/Aug/2024:09:34:28 +0000] "POST /auth/login HTTP/1.1" 200 613 "-" "PostmanRuntime/7.37.3"
::1 - - [02/Aug/2024:09:36:04 +0000] "POST /auth/refresh-token HTTP/1.1" - - "-" "PostmanRuntime/7.37.3"
::1 - - [02/Aug/2024:09:36:18 +0000] "POST /auth/refresh-token HTTP/1.1" - - "-" "PostmanRuntime/7.37.3"
::1 - - [02/Aug/2024:09:36:19 +0000] "POST /auth/refresh-token HTTP/1.1" 401 47 "-" "PostmanRuntime/7.37.3"
::1 - - [02/Aug/2024:09:36:21 +0000] "POST /auth/refresh-token HTTP/1.1" 401 47 "-" "PostmanRuntime/7.37.3"
::1 - - [02/Aug/2024:09:38:39 +0000] "POST /auth/refresh-token HTTP/1.1" 500 42 "-" "PostmanRuntime/7.37.3"
::1 - - [02/Aug/2024:09:38:44 +0000] "POST /auth/refresh-token HTTP/1.1" 500 42 "-" "PostmanRuntime/7.37.3"
::1 - - [02/Aug/2024:09:38:50 +0000] "POST /auth/login HTTP/1.1" 200 613 "-" "PostmanRuntime/7.37.3"
::1 - - [02/Aug/2024:09:39:38 +0000] "POST /auth/refresh-token HTTP/1.1" 500 42 "-" "PostmanRuntime/7.37.3"
::1 - - [02/Aug/2024:09:39:45 +0000] "POST /auth/refresh-token HTTP/1.1" 500 42 "-" "PostmanRuntime/7.37.3"
::1 - - [02/Aug/2024:09:39:47 +0000] "POST /auth/refresh-token HTTP/1.1" 500 42 "-" "PostmanRuntime/7.37.3"
::1 - - [02/Aug/2024:09:39:51 +0000] "POST /auth/refresh-token HTTP/1.1" 500 42 "-" "PostmanRuntime/7.37.3"
::1 - - [02/Aug/2024:09:39:54 +0000] "POST /auth/login HTTP/1.1" 200 613 "-" "PostmanRuntime/7.37.3"
::1 - - [02/Aug/2024:09:40:03 +0000] "POST /auth/refresh-token HTTP/1.1" 500 42 "-" "PostmanRuntime/7.37.3"
::1 - - [02/Aug/2024:09:41:03 +0000] "POST /auth/refresh-token HTTP/1.1" 500 42 "-" "PostmanRuntime/7.37.3"
::1 - - [02/Aug/2024:09:41:04 +0000] "POST /auth/refresh-token HTTP/1.1" 500 42 "-" "PostmanRuntime/7.37.3"
::1 - - [02/Aug/2024:09:41:46 +0000] "POST /auth/refresh-token HTTP/1.1" 500 42 "-" "PostmanRuntime/7.37.3"
::1 - - [02/Aug/2024:09:41:48 +0000] "POST /auth/refresh-token HTTP/1.1" 500 42 "-" "PostmanRuntime/7.37.3"
::1 - - [02/Aug/2024:09:41:49 +0000] "POST /auth/refresh-token HTTP/1.1" 500 42 "-" "PostmanRuntime/7.37.3"
::1 - - [02/Aug/2024:09:41:50 +0000] "POST /auth/refresh-token HTTP/1.1" 500 42 "-" "PostmanRuntime/7.37.3"
::1 - - [02/Aug/2024:09:42:28 +0000] "POST /auth/refresh-token HTTP/1.1" 500 42 "-" "PostmanRuntime/7.37.3"
::1 - - [02/Aug/2024:09:42:30 +0000] "POST /auth/refresh-token HTTP/1.1" 500 42 "-" "PostmanRuntime/7.37.3"
::1 - - [02/Aug/2024:09:42:31 +0000] "POST /auth/refresh-token HTTP/1.1" 500 42 "-" "PostmanRuntime/7.37.3"
::1 - - [02/Aug/2024:09:44:49 +0000] "POST /auth/refresh-token HTTP/1.1" 500 42 "-" "PostmanRuntime/7.37.3"
::1 - - [02/Aug/2024:09:44:50 +0000] "POST /auth/refresh-token HTTP/1.1" 500 42 "-" "PostmanRuntime/7.37.3"
::1 - - [02/Aug/2024:09:44:51 +0000] "POST /auth/refresh-token HTTP/1.1" 500 42 "-" "PostmanRuntime/7.37.3"
::1 - - [02/Aug/2024:09:44:52 +0000] "POST /auth/refresh-token HTTP/1.1" 500 42 "-" "PostmanRuntime/7.37.3"
::1 - - [02/Aug/2024:09:45:21 +0000] "POST /auth/refresh-token HTTP/1.1" 500 42 "-" "PostmanRuntime/7.37.3"
::1 - - [02/Aug/2024:09:45:23 +0000] "POST /auth/refresh-token HTTP/1.1" 500 42 "-" "PostmanRuntime/7.37.3"
::1 - - [02/Aug/2024:09:45:24 +0000] "POST /auth/refresh-token HTTP/1.1" 500 42 "-" "PostmanRuntime/7.37.3"
::1 - - [02/Aug/2024:09:45:25 +0000] "POST /auth/refresh-token HTTP/1.1" 500 42 "-" "PostmanRuntime/7.37.3"
::1 - - [02/Aug/2024:09:46:05 +0000] "POST /auth/refresh-token HTTP/1.1" 500 42 "-" "PostmanRuntime/7.37.3"
::1 - - [02/Aug/2024:09:47:06 +0000] "POST /auth/refresh-token HTTP/1.1" 500 42 "-" "PostmanRuntime/7.37.3"
::1 - - [02/Aug/2024:09:47:07 +0000] "POST /auth/refresh-token HTTP/1.1" 500 42 "-" "PostmanRuntime/7.37.3"
::1 - - [02/Aug/2024:09:51:10 +0000] "POST /auth/refresh-token HTTP/1.1" 401 47 "-" "PostmanRuntime/7.37.3"
::1 - - [02/Aug/2024:09:51:16 +0000] "POST /auth/refresh-token HTTP/1.1" 401 47 "-" "PostmanRuntime/7.37.3"
::1 - - [02/Aug/2024:09:51:35 +0000] "POST /auth/refresh-token HTTP/1.1" 401 47 "-" "PostmanRuntime/7.37.3"
::1 - - [02/Aug/2024:09:51:37 +0000] "POST /auth/refresh-token HTTP/1.1" 401 47 "-" "PostmanRuntime/7.37.3"
::1 - - [02/Aug/2024:09:51:38 +0000] "POST /auth/refresh-token HTTP/1.1" 401 47 "-" "PostmanRuntime/7.37.3"
::1 - - [02/Aug/2024:09:51:39 +0000] "POST /auth/refresh-token HTTP/1.1" 401 47 "-" "PostmanRuntime/7.37.3"
::1 - - [02/Aug/2024:09:51:40 +0000] "POST /auth/refresh-token HTTP/1.1" 401 47 "-" "PostmanRuntime/7.37.3"
::1 - - [02/Aug/2024:09:51:40 +0000] "POST /auth/refresh-token HTTP/1.1" 401 47 "-" "PostmanRuntime/7.37.3"
::1 - - [02/Aug/2024:09:52:09 +0000] "POST /auth/refresh-token HTTP/1.1" 401 47 "-" "PostmanRuntime/7.37.3"
::1 - - [02/Aug/2024:09:52:29 +0000] "POST /auth/login HTTP/1.1" 200 613 "-" "PostmanRuntime/7.37.3"
::1 - - [02/Aug/2024:09:52:39 +0000] "POST /auth/refresh-token HTTP/1.1" 500 50 "-" "PostmanRuntime/7.37.3"
::1 - - [02/Aug/2024:09:55:08 +0000] "POST /auth/refresh-token HTTP/1.1" 500 50 "-" "PostmanRuntime/7.37.3"
::1 - - [02/Aug/2024:09:56:04 +0000] "POST /auth/refresh-token HTTP/1.1" 500 50 "-" "PostmanRuntime/7.37.3"
::1 - - [02/Aug/2024:09:57:47 +0000] "POST /auth/refresh-token HTTP/1.1" 500 50 "-" "PostmanRuntime/7.37.3"
::1 - - [02/Aug/2024:09:57:49 +0000] "POST /auth/refresh-token HTTP/1.1" 500 50 "-" "PostmanRuntime/7.37.3"
::1 - - [02/Aug/2024:09:57:50 +0000] "POST /auth/refresh-token HTTP/1.1" 500 50 "-" "PostmanRuntime/7.37.3"
::1 - - [02/Aug/2024:09:58:29 +0000] "POST /auth/refresh-token HTTP/1.1" 200 45 "-" "PostmanRuntime/7.37.3"
::1 - - [02/Aug/2024:09:59:11 +0000] "POST /auth/refresh-token HTTP/1.1" 200 45 "-" "PostmanRuntime/7.37.3"
::1 - - [02/Aug/2024:09:59:12 +0000] "POST /auth/refresh-token HTTP/1.1" 200 45 "-" "PostmanRuntime/7.37.3"
::1 - - [02/Aug/2024:09:59:13 +0000] "POST /auth/refresh-token HTTP/1.1" 200 45 "-" "PostmanRuntime/7.37.3"
::1 - - [02/Aug/2024:09:59:14 +0000] "POST /auth/refresh-token HTTP/1.1" 200 45 "-" "PostmanRuntime/7.37.3"
::1 - - [02/Aug/2024:09:59:15 +0000] "POST /auth/refresh-token HTTP/1.1" 200 45 "-" "PostmanRuntime/7.37.3"
::1 - - [02/Aug/2024:09:59:39 +0000] "POST /auth/refresh-token HTTP/1.1" 200 45 "-" "PostmanRuntime/7.37.3"
::1 - - [02/Aug/2024:09:59:40 +0000] "POST /auth/refresh-token HTTP/1.1" 200 45 "-" "PostmanRuntime/7.37.3"
::1 - - [02/Aug/2024:09:59:41 +0000] "POST /auth/refresh-token HTTP/1.1" 200 45 "-" "PostmanRuntime/7.37.3"
::1 - - [02/Aug/2024:09:59:42 +0000] "POST /auth/refresh-token HTTP/1.1" 200 45 "-" "PostmanRuntime/7.37.3"
::1 - - [02/Aug/2024:09:59:43 +0000] "POST /auth/refresh-token HTTP/1.1" 200 45 "-" "PostmanRuntime/7.37.3"
::1 - - [02/Aug/2024:09:59:45 +0000] "POST /auth/refresh-token HTTP/1.1" 200 45 "-" "PostmanRuntime/7.37.3"
::1 - - [02/Aug/2024:10:00:26 +0000] "POST /auth/refresh-token HTTP/1.1" 500 57 "-" "PostmanRuntime/7.37.3"
::1 - - [02/Aug/2024:10:01:40 +0000] "POST /auth/refresh-token HTTP/1.1" 200 45 "-" "PostmanRuntime/7.37.3"
::1 - - [02/Aug/2024:10:01:41 +0000] "POST /auth/refresh-token HTTP/1.1" 200 45 "-" "PostmanRuntime/7.37.3"
::1 - - [02/Aug/2024:10:05:30 +0000] "POST /auth/refresh-token HTTP/1.1" 401 47 "-" "PostmanRuntime/7.37.3"
::1 - - [02/Aug/2024:10:05:36 +0000] "POST /auth/refresh-token HTTP/1.1" 401 47 "-" "PostmanRuntime/7.37.3"
::1 - - [02/Aug/2024:10:05:54 +0000] "POST /auth/login HTTP/1.1" 200 613 "-" "PostmanRuntime/7.37.3"
::1 - - [02/Aug/2024:10:06:02 +0000] "POST /auth/refresh-token HTTP/1.1" 401 50 "-" "PostmanRuntime/7.37.3"
::1 - - [02/Aug/2024:10:07:13 +0000] "POST /auth/refresh-token HTTP/1.1" 401 50 "-" "PostmanRuntime/7.37.3"
::1 - - [02/Aug/2024:10:09:48 +0000] "POST /auth/refresh-token HTTP/1.1" 401 50 "-" "PostmanRuntime/7.37.3"
::1 - - [02/Aug/2024:10:16:10 +0000] "POST /auth/refresh-token HTTP/1.1" 401 47 "-" "PostmanRuntime/7.37.3"
::1 - - [02/Aug/2024:10:16:12 +0000] "POST /auth/refresh-token HTTP/1.1" 401 47 "-" "PostmanRuntime/7.37.3"
::1 - - [02/Aug/2024:10:16:13 +0000] "POST /auth/refresh-token HTTP/1.1" 401 47 "-" "PostmanRuntime/7.37.3"
::1 - - [02/Aug/2024:10:16:14 +0000] "POST /auth/refresh-token HTTP/1.1" 401 47 "-" "PostmanRuntime/7.37.3"
::1 - - [02/Aug/2024:10:16:15 +0000] "POST /auth/refresh-token HTTP/1.1" 401 47 "-" "PostmanRuntime/7.37.3"
::1 - - [02/Aug/2024:10:16:15 +0000] "POST /auth/refresh-token HTTP/1.1" 401 47 "-" "PostmanRuntime/7.37.3"
::1 - - [02/Aug/2024:10:16:17 +0000] "POST /auth/refresh-token HTTP/1.1" 401 47 "-" "PostmanRuntime/7.37.3"
::1 - - [02/Aug/2024:10:16:18 +0000] "POST /auth/refresh-token HTTP/1.1" 401 47 "-" "PostmanRuntime/7.37.3"
::1 - - [02/Aug/2024:10:16:19 +0000] "POST /auth/refresh-token HTTP/1.1" 401 47 "-" "PostmanRuntime/7.37.3"
::1 - - [02/Aug/2024:10:16:19 +0000] "POST /auth/refresh-token HTTP/1.1" 401 47 "-" "PostmanRuntime/7.37.3"
::1 - - [02/Aug/2024:10:16:20 +0000] "POST /auth/refresh-token HTTP/1.1" 401 47 "-" "PostmanRuntime/7.37.3"
::1 - - [02/Aug/2024:10:16:24 +0000] "POST /auth/refresh-token HTTP/1.1" 401 47 "-" "PostmanRuntime/7.37.3"
::1 - - [02/Aug/2024:10:16:24 +0000] "POST /auth/refresh-token HTTP/1.1" 401 47 "-" "PostmanRuntime/7.37.3"
::1 - - [02/Aug/2024:10:16:59 +0000] "POST /auth/refresh-token HTTP/1.1" 401 47 "-" "PostmanRuntime/7.37.3"
::1 - - [02/Aug/2024:10:17:00 +0000] "POST /auth/refresh-token HTTP/1.1" 401 47 "-" "PostmanRuntime/7.37.3"
::1 - - [02/Aug/2024:10:17:01 +0000] "POST /auth/refresh-token HTTP/1.1" 401 47 "-" "PostmanRuntime/7.37.3"
::1 - - [02/Aug/2024:10:17:02 +0000] "POST /auth/refresh-token HTTP/1.1" 401 47 "-" "PostmanRuntime/7.37.3"
::1 - - [02/Aug/2024:10:17:03 +0000] "POST /auth/refresh-token HTTP/1.1" 401 47 "-" "PostmanRuntime/7.37.3"
::1 - - [02/Aug/2024:10:17:04 +0000] "POST /auth/refresh-token HTTP/1.1" 401 47 "-" "PostmanRuntime/7.37.3"
::1 - - [02/Aug/2024:10:17:05 +0000] "POST /auth/refresh-token HTTP/1.1" 401 47 "-" "PostmanRuntime/7.37.3"
::1 - - [02/Aug/2024:10:17:07 +0000] "POST /auth/refresh-token HTTP/1.1" 401 47 "-" "PostmanRuntime/7.37.3"
::1 - - [02/Aug/2024:10:17:10 +0000] "POST /auth/refresh-token HTTP/1.1" 401 47 "-" "PostmanRuntime/7.37.3"
::1 - - [02/Aug/2024:10:17:12 +0000] "POST /auth/refresh-token HTTP/1.1" 401 47 "-" "PostmanRuntime/7.37.3"
::1 - - [02/Aug/2024:10:17:59 +0000] "POST /auth/refresh-token HTTP/1.1" 401 47 "-" "PostmanRuntime/7.37.3"
::1 - - [02/Aug/2024:10:18:25 +0000] "POST /auth/refresh-token HTTP/1.1" 401 47 "-" "PostmanRuntime/7.37.3"
::1 - - [02/Aug/2024:10:18:27 +0000] "POST /auth/refresh-token HTTP/1.1" 401 47 "-" "PostmanRuntime/7.37.3"
::1 - - [02/Aug/2024:10:18:28 +0000] "POST /auth/refresh-token HTTP/1.1" 401 47 "-" "PostmanRuntime/7.37.3"
::1 - - [02/Aug/2024:10:18:29 +0000] "POST /auth/refresh-token HTTP/1.1" 401 47 "-" "PostmanRuntime/7.37.3"
::1 - - [02/Aug/2024:10:18:30 +0000] "POST /auth/refresh-token HTTP/1.1" 401 47 "-" "PostmanRuntime/7.37.3"
::1 - - [02/Aug/2024:10:18:30 +0000] "POST /auth/refresh-token HTTP/1.1" 401 47 "-" "PostmanRuntime/7.37.3"
::1 - - [02/Aug/2024:10:18:47 +0000] "POST /auth/login HTTP/1.1" 200 613 "-" "PostmanRuntime/7.37.3"
::1 - - [02/Aug/2024:10:18:56 +0000] "POST /auth/refresh-token HTTP/1.1" 401 50 "-" "PostmanRuntime/7.37.3"
::1 - - [02/Aug/2024:10:22:51 +0000] "POST /auth/refresh-token HTTP/1.1" 401 50 "-" "PostmanRuntime/7.37.3"
::1 - - [02/Aug/2024:10:23:25 +0000] "POST /auth/refresh-token HTTP/1.1" 401 50 "-" "PostmanRuntime/7.37.3"
::1 - - [02/Aug/2024:10:27:39 +0000] "POST /auth/refresh-token HTTP/1.1" 401 50 "-" "PostmanRuntime/7.37.3"
::1 - - [02/Aug/2024:10:42:34 +0000] "POST /auth/refresh-token HTTP/1.1" 401 47 "-" "PostmanRuntime/7.37.3"
::1 - - [02/Aug/2024:10:42:37 +0000] "POST /auth/refresh-token HTTP/1.1" 401 47 "-" "PostmanRuntime/7.37.3"
::1 - - [02/Aug/2024:10:42:39 +0000] "POST /auth/refresh-token HTTP/1.1" 401 47 "-" "PostmanRuntime/7.37.3"
::1 - - [02/Aug/2024:10:42:41 +0000] "POST /auth/refresh-token HTTP/1.1" 401 47 "-" "PostmanRuntime/7.37.3"
::1 - - [02/Aug/2024:10:42:42 +0000] "POST /auth/refresh-token HTTP/1.1" 401 47 "-" "PostmanRuntime/7.37.3"
::1 - - [02/Aug/2024:10:42:43 +0000] "POST /auth/refresh-token HTTP/1.1" 401 47 "-" "PostmanRuntime/7.37.3"
::1 - - [02/Aug/2024:10:42:44 +0000] "POST /auth/refresh-token HTTP/1.1" 401 47 "-" "PostmanRuntime/7.37.3"
::1 - - [02/Aug/2024:10:42:46 +0000] "POST /auth/refresh-token HTTP/1.1" 401 47 "-" "PostmanRuntime/7.37.3"
::1 - - [02/Aug/2024:10:42:47 +0000] "POST /auth/refresh-token HTTP/1.1" 401 47 "-" "PostmanRuntime/7.37.3"
::1 - - [02/Aug/2024:10:42:50 +0000] "POST /auth/login HTTP/1.1" 500 64 "-" "PostmanRuntime/7.37.3"
::1 - - [02/Aug/2024:10:43:15 +0000] "POST /auth/login HTTP/1.1" 500 64 "-" "PostmanRuntime/7.37.3"
::1 - - [02/Aug/2024:10:43:16 +0000] "POST /auth/login HTTP/1.1" 500 64 "-" "PostmanRuntime/7.37.3"
::1 - - [02/Aug/2024:10:45:09 +0000] "POST /auth/login HTTP/1.1" 401 64 "-" "PostmanRuntime/7.37.3"
::1 - - [02/Aug/2024:10:46:01 +0000] "POST /auth/login HTTP/1.1" 401 64 "-" "PostmanRuntime/7.37.3"
::1 - - [02/Aug/2024:10:46:03 +0000] "POST /auth/login HTTP/1.1" 401 64 "-" "PostmanRuntime/7.37.3"
::1 - - [02/Aug/2024:10:50:26 +0000] "POST /auth/login HTTP/1.1" 401 64 "-" "PostmanRuntime/7.37.3"
::1 - - [02/Aug/2024:10:50:28 +0000] "POST /auth/login HTTP/1.1" 401 64 "-" "PostmanRuntime/7.37.3"
::1 - - [02/Aug/2024:10:50:50 +0000] "POST /auth/login HTTP/1.1" 401 50 "-" "PostmanRuntime/7.37.3"
::1 - - [02/Aug/2024:10:51:12 +0000] "POST /auth/login HTTP/1.1" 401 50 "-" "PostmanRuntime/7.37.3"
::1 - - [02/Aug/2024:10:52:16 +0000] "POST /auth/login HTTP/1.1" 500 58 "-" "PostmanRuntime/7.37.3"
::1 - - [02/Aug/2024:11:14:08 +0000] "POST /auth/login HTTP/1.1" 200 613 "-" "PostmanRuntime/7.37.3"
::1 - - [02/Aug/2024:11:14:13 +0000] "POST /auth/login HTTP/1.1" 200 613 "-" "PostmanRuntime/7.37.3"
::1 - - [02/Aug/2024:11:14:19 +0000] "POST /auth/login HTTP/1.1" 401 64 "-" "PostmanRuntime/7.37.3"
::1 - - [02/Aug/2024:11:14:24 +0000] "POST /auth/login HTTP/1.1" 400 194 "-" "PostmanRuntime/7.37.3"
::1 - - [02/Aug/2024:11:14:33 +0000] "POST /auth/login HTTP/1.1" 200 613 "-" "PostmanRuntime/7.37.3"
::1 - - [02/Aug/2024:11:14:41 +0000] "POST /auth/refresh-token HTTP/1.1" 401 47 "-" "PostmanRuntime/7.37.3"
::1 - - [02/Aug/2024:11:14:42 +0000] "POST /auth/refresh-token HTTP/1.1" 401 47 "-" "PostmanRuntime/7.37.3"
::1 - - [02/Aug/2024:11:14:43 +0000] "POST /auth/refresh-token HTTP/1.1" 401 47 "-" "PostmanRuntime/7.37.3"
::1 - - [02/Aug/2024:11:14:44 +0000] "POST /auth/refresh-token HTTP/1.1" 401 47 "-" "PostmanRuntime/7.37.3"
::1 - - [02/Aug/2024:11:14:45 +0000] "POST /auth/refresh-token HTTP/1.1" 401 47 "-" "PostmanRuntime/7.37.3"
::1 - - [02/Aug/2024:11:14:50 +0000] "POST /auth/refresh-token HTTP/1.1" 401 47 "-" "PostmanRuntime/7.37.3"
::1 - - [02/Aug/2024:11:14:52 +0000] "POST /auth/refresh-token HTTP/1.1" 401 47 "-" "PostmanRuntime/7.37.3"
::1 - - [02/Aug/2024:11:14:53 +0000] "POST /auth/refresh-token HTTP/1.1" 401 47 "-" "PostmanRuntime/7.37.3"
::1 - - [02/Aug/2024:11:15:04 +0000] "POST /auth/refresh-token HTTP/1.1" 401 47 "-" "PostmanRuntime/7.37.3"
::1 - - [02/Aug/2024:11:15:06 +0000] "POST /auth/refresh-token HTTP/1.1" 401 47 "-" "PostmanRuntime/7.37.3"
::1 - - [02/Aug/2024:11:15:07 +0000] "POST /auth/refresh-token HTTP/1.1" 401 47 "-" "PostmanRuntime/7.37.3"
::1 - - [02/Aug/2024:11:15:08 +0000] "POST /auth/refresh-token HTTP/1.1" 401 47 "-" "PostmanRuntime/7.37.3"
::1 - - [02/Aug/2024:11:16:12 +0000] "POST /auth/refresh-token HTTP/1.1" 401 47 "-" "PostmanRuntime/7.37.3"
::1 - - [02/Aug/2024:11:16:13 +0000] "POST /auth/refresh-token HTTP/1.1" 401 47 "-" "PostmanRuntime/7.37.3"
::1 - - [02/Aug/2024:11:16:39 +0000] "POST /auth/refresh-token HTTP/1.1" 401 49 "-" "PostmanRuntime/7.37.3"
::1 - - [02/Aug/2024:11:17:01 +0000] "POST /auth/login HTTP/1.1" 200 613 "-" "PostmanRuntime/7.37.3"
::1 - - [02/Aug/2024:11:17:13 +0000] "POST /auth/refresh-token HTTP/1.1" 401 49 "-" "PostmanRuntime/7.37.3"
::1 - - [02/Aug/2024:11:17:14 +0000] "POST /auth/refresh-token HTTP/1.1" 401 49 "-" "PostmanRuntime/7.37.3"
::1 - - [02/Aug/2024:11:17:15 +0000] "POST /auth/refresh-token HTTP/1.1" 401 49 "-" "PostmanRuntime/7.37.3"
::1 - - [02/Aug/2024:11:23:40 +0000] "POST /auth/refresh-token HTTP/1.1" 401 50 "-" "PostmanRuntime/7.37.3"
::1 - - [02/Aug/2024:11:24:16 +0000] "POST /auth/refresh-token HTTP/1.1" 401 49 "-" "PostmanRuntime/7.37.3"
::1 - - [02/Aug/2024:11:24:19 +0000] "POST /auth/refresh-token HTTP/1.1" 401 49 "-" "PostmanRuntime/7.37.3"
::1 - - [02/Aug/2024:11:24:20 +0000] "POST /auth/refresh-token HTTP/1.1" 401 49 "-" "PostmanRuntime/7.37.3"
::1 - - [02/Aug/2024:11:24:21 +0000] "POST /auth/refresh-token HTTP/1.1" 401 49 "-" "PostmanRuntime/7.37.3"
::1 - - [02/Aug/2024:11:25:19 +0000] "POST /auth/refresh-token HTTP/1.1" 401 49 "-" "PostmanRuntime/7.37.3"
::1 - - [02/Aug/2024:11:25:20 +0000] "POST /auth/refresh-token HTTP/1.1" 401 49 "-" "PostmanRuntime/7.37.3"
::1 - - [02/Aug/2024:11:25:43 +0000] "POST /auth/refresh-token HTTP/1.1" 401 49 "-" "PostmanRuntime/7.37.3"
::1 - - [02/Aug/2024:11:26:20 +0000] "POST /auth/refresh-token HTTP/1.1" 401 49 "-" "PostmanRuntime/7.37.3"
::1 - - [02/Aug/2024:11:26:21 +0000] "POST /auth/refresh-token HTTP/1.1" 401 49 "-" "PostmanRuntime/7.37.3"
::1 - - [02/Aug/2024:11:26:54 +0000] "POST /auth/refresh-token HTTP/1.1" 401 49 "-" "PostmanRuntime/7.37.3"
::1 - - [02/Aug/2024:11:32:00 +0000] "POST /auth/refresh-token HTTP/1.1" 500 42 "-" "PostmanRuntime/7.37.3"
::1 - - [02/Aug/2024:11:32:08 +0000] "POST /auth/refresh-token HTTP/1.1" 500 42 "-" "PostmanRuntime/7.37.3"
::1 - - [02/Aug/2024:11:32:30 +0000] "POST /auth/refresh-token HTTP/1.1" 500 42 "-" "PostmanRuntime/7.37.3"
::1 - - [02/Aug/2024:11:32:39 +0000] "POST /auth/refresh-token HTTP/1.1" 500 42 "-" "PostmanRuntime/7.37.3"
::1 - - [02/Aug/2024:11:34:12 +0000] "POST /auth/refresh-token HTTP/1.1" 500 42 "-" "PostmanRuntime/7.37.3"
::1 - - [02/Aug/2024:11:34:13 +0000] "POST /auth/refresh-token HTTP/1.1" 500 42 "-" "PostmanRuntime/7.37.3"
::1 - - [02/Aug/2024:11:34:54 +0000] "POST /auth/refresh-token HTTP/1.1" 401 120 "-" "PostmanRuntime/7.37.3"
::1 - - [02/Aug/2024:11:35:15 +0000] "POST /auth/refresh-token HTTP/1.1" 401 42 "-" "PostmanRuntime/7.37.3"
::1 - - [02/Aug/2024:11:35:25 +0000] "POST /auth/login HTTP/1.1" 200 613 "-" "PostmanRuntime/7.37.3"
::1 - - [02/Aug/2024:11:35:35 +0000] "POST /auth/refresh-token HTTP/1.1" 401 50 "-" "PostmanRuntime/7.37.3"
::1 - - [02/Aug/2024:11:37:51 +0000] "POST /auth/refresh-token HTTP/1.1" 401 50 "-" "PostmanRuntime/7.37.3"
::1 - - [02/Aug/2024:11:42:47 +0000] "POST /auth/refresh-token HTTP/1.1" 500 42 "-" "PostmanRuntime/7.37.3"
::1 - - [02/Aug/2024:11:42:51 +0000] "POST /auth/refresh-token HTTP/1.1" 500 42 "-" "PostmanRuntime/7.37.3"
::1 - - [02/Aug/2024:11:44:38 +0000] "POST /auth/refresh-token HTTP/1.1" 500 42 "-" "PostmanRuntime/7.37.3"
::1 - - [02/Aug/2024:11:44:39 +0000] "POST /auth/refresh-token HTTP/1.1" 500 42 "-" "PostmanRuntime/7.37.3"
::1 - - [02/Aug/2024:11:44:40 +0000] "POST /auth/refresh-token HTTP/1.1" 500 42 "-" "PostmanRuntime/7.37.3"
::1 - - [02/Aug/2024:11:44:41 +0000] "POST /auth/refresh-token HTTP/1.1" 500 42 "-" "PostmanRuntime/7.37.3"
::1 - - [02/Aug/2024:11:45:10 +0000] "POST /auth/refresh-token HTTP/1.1" 500 42 "-" "PostmanRuntime/7.37.3"
::1 - - [02/Aug/2024:11:45:22 +0000] "POST /auth/refresh-token HTTP/1.1" 500 42 "-" "PostmanRuntime/7.37.3"
::1 - - [02/Aug/2024:11:45:23 +0000] "POST /auth/refresh-token HTTP/1.1" 500 42 "-" "PostmanRuntime/7.37.3"
::1 - - [02/Aug/2024:11:45:23 +0000] "POST /auth/refresh-token HTTP/1.1" 500 42 "-" "PostmanRuntime/7.37.3"
::1 - - [02/Aug/2024:11:45:36 +0000] "POST /auth/refresh-token HTTP/1.1" 401 42 "-" "PostmanRuntime/7.37.3"
::1 - - [02/Aug/2024:11:45:38 +0000] "POST /auth/refresh-token HTTP/1.1" 401 42 "-" "PostmanRuntime/7.37.3"
::1 - - [02/Aug/2024:11:45:39 +0000] "POST /auth/refresh-token HTTP/1.1" 401 42 "-" "PostmanRuntime/7.37.3"
::1 - - [02/Aug/2024:11:45:40 +0000] "POST /auth/refresh-token HTTP/1.1" 401 42 "-" "PostmanRuntime/7.37.3"
::1 - - [02/Aug/2024:11:45:41 +0000] "POST /auth/refresh-token HTTP/1.1" 401 42 "-" "PostmanRuntime/7.37.3"
::1 - - [02/Aug/2024:11:45:43 +0000] "POST /auth/refresh-token HTTP/1.1" 401 42 "-" "PostmanRuntime/7.37.3"
::1 - - [02/Aug/2024:11:45:44 +0000] "POST /auth/refresh-token HTTP/1.1" 401 42 "-" "PostmanRuntime/7.37.3"
::1 - - [02/Aug/2024:11:45:45 +0000] "POST /auth/refresh-token HTTP/1.1" 401 42 "-" "PostmanRuntime/7.37.3"
::1 - - [02/Aug/2024:11:45:46 +0000] "POST /auth/refresh-token HTTP/1.1" 401 42 "-" "PostmanRuntime/7.37.3"
::1 - - [02/Aug/2024:11:45:52 +0000] "POST /auth/login HTTP/1.1" 200 613 "-" "PostmanRuntime/7.37.3"
::1 - - [02/Aug/2024:11:46:00 +0000] "POST /auth/refresh-token HTTP/1.1" 500 42 "-" "PostmanRuntime/7.37.3"
::1 - - [02/Aug/2024:11:46:12 +0000] "POST /auth/refresh-token HTTP/1.1" 500 42 "-" "PostmanRuntime/7.37.3"
::1 - - [02/Aug/2024:11:46:13 +0000] "POST /auth/refresh-token HTTP/1.1" 500 42 "-" "PostmanRuntime/7.37.3"
::1 - - [02/Aug/2024:11:46:14 +0000] "POST /auth/refresh-token HTTP/1.1" 500 42 "-" "PostmanRuntime/7.37.3"
::1 - - [02/Aug/2024:11:46:15 +0000] "POST /auth/refresh-token HTTP/1.1" 500 42 "-" "PostmanRuntime/7.37.3"
::1 - - [02/Aug/2024:11:46:17 +0000] "POST /auth/refresh-token HTTP/1.1" 500 42 "-" "PostmanRuntime/7.37.3"
::1 - - [02/Aug/2024:11:46:43 +0000] "POST /auth/refresh-token HTTP/1.1" 500 42 "-" "PostmanRuntime/7.37.3"
::1 - - [02/Aug/2024:11:47:24 +0000] "POST /auth/refresh-token HTTP/1.1" 500 42 "-" "PostmanRuntime/7.37.3"
::1 - - [02/Aug/2024:11:48:23 +0000] "POST /auth/refresh-token HTTP/1.1" 500 42 "-" "PostmanRuntime/7.37.3"
::1 - - [02/Aug/2024:11:49:29 +0000] "POST /auth/refresh-token HTTP/1.1" 500 42 "-" "PostmanRuntime/7.37.3"
::1 - - [02/Aug/2024:11:49:59 +0000] "POST /auth/refresh-token HTTP/1.1" 500 42 "-" "PostmanRuntime/7.37.3"
::1 - - [02/Aug/2024:11:51:38 +0000] "POST /auth/refresh-token HTTP/1.1" 401 55 "-" "PostmanRuntime/7.37.3"
::1 - - [02/Aug/2024:11:51:42 +0000] "POST /auth/refresh-token HTTP/1.1" 401 55 "-" "PostmanRuntime/7.37.3"
::1 - - [02/Aug/2024:11:51:43 +0000] "POST /auth/refresh-token HTTP/1.1" 401 55 "-" "PostmanRuntime/7.37.3"
::1 - - [02/Aug/2024:11:52:45 +0000] "POST /auth/refresh-token HTTP/1.1" 401 55 "-" "PostmanRuntime/7.37.3"
::1 - - [02/Aug/2024:11:52:46 +0000] "POST /auth/refresh-token HTTP/1.1" 401 55 "-" "PostmanRuntime/7.37.3"
::1 - - [02/Aug/2024:11:52:47 +0000] "POST /auth/refresh-token HTTP/1.1" 401 55 "-" "PostmanRuntime/7.37.3"
::1 - - [02/Aug/2024:11:55:03 +0000] "POST /auth/refresh-token HTTP/1.1" 401 50 "-" "PostmanRuntime/7.37.3"
::1 - - [02/Aug/2024:11:55:49 +0000] "POST /auth/refresh-token HTTP/1.1" 401 50 "-" "PostmanRuntime/7.37.3"
::1 - - [02/Aug/2024:11:56:28 +0000] "POST /auth/refresh-token HTTP/1.1" 401 42 "-" "PostmanRuntime/7.37.3"
::1 - - [02/Aug/2024:11:56:33 +0000] "POST /auth/refresh-token HTTP/1.1" 401 42 "-" "PostmanRuntime/7.37.3"
::1 - - [02/Aug/2024:11:56:34 +0000] "POST /auth/refresh-token HTTP/1.1" 401 42 "-" "PostmanRuntime/7.37.3"
::1 - - [02/Aug/2024:11:56:37 +0000] "POST /auth/login HTTP/1.1" 200 613 "-" "PostmanRuntime/7.37.3"
::1 - - [02/Aug/2024:11:56:46 +0000] "POST /auth/refresh-token HTTP/1.1" 401 50 "-" "PostmanRuntime/7.37.3"
::1 - - [02/Aug/2024:11:56:48 +0000] "POST /auth/refresh-token HTTP/1.1" 401 50 "-" "PostmanRuntime/7.37.3"
::1 - - [02/Aug/2024:11:56:49 +0000] "POST /auth/refresh-token HTTP/1.1" 401 50 "-" "PostmanRuntime/7.37.3"
::1 - - [02/Aug/2024:11:56:50 +0000] "POST /auth/refresh-token HTTP/1.1" 401 50 "-" "PostmanRuntime/7.37.3"
::1 - - [02/Aug/2024:11:56:51 +0000] "POST /auth/refresh-token HTTP/1.1" 401 50 "-" "PostmanRuntime/7.37.3"
::1 - - [02/Aug/2024:11:56:52 +0000] "POST /auth/refresh-token HTTP/1.1" 401 50 "-" "PostmanRuntime/7.37.3"
::1 - - [02/Aug/2024:11:56:53 +0000] "POST /auth/refresh-token HTTP/1.1" 401 50 "-" "PostmanRuntime/7.37.3"
::1 - - [02/Aug/2024:11:56:53 +0000] "POST /auth/refresh-token HTTP/1.1" 401 50 "-" "PostmanRuntime/7.37.3"
::1 - - [02/Aug/2024:11:56:54 +0000] "POST /auth/refresh-token HTTP/1.1" 401 50 "-" "PostmanRuntime/7.37.3"
::1 - - [02/Aug/2024:11:57:17 +0000] "POST /auth/refresh-token HTTP/1.1" 401 50 "-" "PostmanRuntime/7.37.3"
::1 - - [02/Aug/2024:11:57:18 +0000] "POST /auth/refresh-token HTTP/1.1" 401 50 "-" "PostmanRuntime/7.37.3"
::1 - - [02/Aug/2024:11:57:28 +0000] "POST /auth/refresh-token HTTP/1.1" 401 50 "-" "PostmanRuntime/7.37.3"
::1 - - [02/Aug/2024:11:58:10 +0000] "POST /auth/refresh-token HTTP/1.1" 401 50 "-" "PostmanRuntime/7.37.3"
::1 - - [02/Aug/2024:11:58:11 +0000] "POST /auth/refresh-token HTTP/1.1" 401 50 "-" "PostmanRuntime/7.37.3"
::1 - - [02/Aug/2024:11:58:12 +0000] "POST /auth/refresh-token HTTP/1.1" 401 50 "-" "PostmanRuntime/7.37.3"
::1 - - [02/Aug/2024:11:58:14 +0000] "POST /auth/refresh-token HTTP/1.1" 401 50 "-" "PostmanRuntime/7.37.3"
::1 - - [02/Aug/2024:11:58:16 +0000] "POST /auth/refresh-token HTTP/1.1" 401 50 "-" "PostmanRuntime/7.37.3"
::1 - - [02/Aug/2024:11:58:18 +0000] "POST /auth/refresh-token HTTP/1.1" 401 50 "-" "PostmanRuntime/7.37.3"
::1 - - [02/Aug/2024:11:59:44 +0000] "POST /auth/refresh-token HTTP/1.1" 401 50 "-" "PostmanRuntime/7.37.3"
::1 - - [02/Aug/2024:11:59:46 +0000] "POST /auth/refresh-token HTTP/1.1" 401 50 "-" "PostmanRuntime/7.37.3"
::1 - - [02/Aug/2024:11:59:47 +0000] "POST /auth/refresh-token HTTP/1.1" 401 50 "-" "PostmanRuntime/7.37.3"
::1 - - [02/Aug/2024:12:00:12 +0000] "POST /auth/refresh-token HTTP/1.1" 401 46 "-" "PostmanRuntime/7.37.3"
::1 - - [02/Aug/2024:12:02:56 +0000] "POST /auth/refresh-token HTTP/1.1" 401 46 "-" "PostmanRuntime/7.37.3"
::1 - - [02/Aug/2024:12:02:57 +0000] "POST /auth/refresh-token HTTP/1.1" 401 46 "-" "PostmanRuntime/7.37.3"
::1 - - [02/Aug/2024:12:03:26 +0000] "POST /auth/refresh-token HTTP/1.1" 401 46 "-" "PostmanRuntime/7.37.3"
::1 - - [02/Aug/2024:12:03:28 +0000] "POST /auth/refresh-token HTTP/1.1" 401 46 "-" "PostmanRuntime/7.37.3"
::1 - - [02/Aug/2024:12:03:44 +0000] "POST /auth/refresh-token HTTP/1.1" 401 46 "-" "PostmanRuntime/7.37.3"
::1 - - [02/Aug/2024:12:04:07 +0000] "POST /auth/refresh-token HTTP/1.1" 401 46 "-" "PostmanRuntime/7.37.3"
::1 - - [02/Aug/2024:12:04:09 +0000] "POST /auth/refresh-token HTTP/1.1" 401 46 "-" "PostmanRuntime/7.37.3"
::1 - - [02/Aug/2024:12:04:57 +0000] "POST /auth/refresh-token HTTP/1.1" 401 46 "-" "PostmanRuntime/7.37.3"
::1 - - [02/Aug/2024:12:07:08 +0000] "POST /auth/refresh-token HTTP/1.1" 401 42 "-" "PostmanRuntime/7.37.3"
::1 - - [02/Aug/2024:12:07:13 +0000] "POST /auth/login HTTP/1.1" 200 613 "-" "PostmanRuntime/7.37.3"
::1 - - [02/Aug/2024:12:07:24 +0000] "POST /auth/refresh-token HTTP/1.1" 401 46 "-" "PostmanRuntime/7.37.3"
::1 - - [02/Aug/2024:12:07:25 +0000] "POST /auth/refresh-token HTTP/1.1" 401 46 "-" "PostmanRuntime/7.37.3"
::1 - - [02/Aug/2024:12:11:32 +0000] "POST /auth/refresh-token HTTP/1.1" 500 42 "-" "PostmanRuntime/7.37.3"
::1 - - [02/Aug/2024:12:12:06 +0000] "POST /auth/refresh-token HTTP/1.1" 500 42 "-" "PostmanRuntime/7.37.3"
::1 - - [02/Aug/2024:12:12:26 +0000] "POST /auth/refresh-token HTTP/1.1" 401 46 "-" "PostmanRuntime/7.37.3"
::1 - - [02/Aug/2024:12:17:53 +0000] "POST /auth/refresh-token HTTP/1.1" 401 42 "-" "PostmanRuntime/7.37.3"
::1 - - [02/Aug/2024:12:17:56 +0000] "POST /auth/refresh-token HTTP/1.1" 401 42 "-" "PostmanRuntime/7.37.3"
::1 - - [02/Aug/2024:12:17:59 +0000] "POST /auth/login HTTP/1.1" 200 613 "-" "PostmanRuntime/7.37.3"
::1 - - [02/Aug/2024:12:18:08 +0000] "POST /auth/refresh-token HTTP/1.1" 500 42 "-" "PostmanRuntime/7.37.3"
::1 - - [02/Aug/2024:12:19:32 +0000] "POST /auth/refresh-token HTTP/1.1" 500 42 "-" "PostmanRuntime/7.37.3"
::1 - - [02/Aug/2024:12:19:33 +0000] "POST /auth/refresh-token HTTP/1.1" 500 42 "-" "PostmanRuntime/7.37.3"
::1 - - [02/Aug/2024:12:19:35 +0000] "POST /auth/refresh-token HTTP/1.1" 500 42 "-" "PostmanRuntime/7.37.3"
::1 - - [02/Aug/2024:12:19:36 +0000] "POST /auth/refresh-token HTTP/1.1" 500 42 "-" "PostmanRuntime/7.37.3"
::1 - - [02/Aug/2024:12:19:37 +0000] "POST /auth/refresh-token HTTP/1.1" 500 42 "-" "PostmanRuntime/7.37.3"
::1 - - [02/Aug/2024:12:19:37 +0000] "POST /auth/refresh-token HTTP/1.1" 500 42 "-" "PostmanRuntime/7.37.3"
::1 - - [02/Aug/2024:12:22:08 +0000] "POST /auth/refresh-token HTTP/1.1" 500 42 "-" "PostmanRuntime/7.37.3"
::1 - - [02/Aug/2024:12:22:10 +0000] "POST /auth/refresh-token HTTP/1.1" 500 42 "-" "PostmanRuntime/7.37.3"
::1 - - [02/Aug/2024:12:22:55 +0000] "POST /auth/refresh-token HTTP/1.1" 500 42 "-" "PostmanRuntime/7.37.3"
::1 - - [02/Aug/2024:12:24:56 +0000] "POST /auth/refresh-token HTTP/1.1" 401 42 "-" "PostmanRuntime/7.37.3"
::1 - - [02/Aug/2024:12:25:06 +0000] "POST /auth/login HTTP/1.1" 200 613 "-" "PostmanRuntime/7.37.3"
::1 - - [02/Aug/2024:12:25:15 +0000] "POST /auth/refresh-token HTTP/1.1" 401 42 "-" "PostmanRuntime/7.37.3"
::1 - - [02/Aug/2024:12:25:17 +0000] "POST /auth/refresh-token HTTP/1.1" 401 42 "-" "PostmanRuntime/7.37.3"
::1 - - [02/Aug/2024:12:26:13 +0000] "POST /auth/refresh-token HTTP/1.1" 401 58 "-" "PostmanRuntime/7.37.3"
::1 - - [02/Aug/2024:12:26:41 +0000] "POST /auth/refresh-token HTTP/1.1" 401 50 "-" "PostmanRuntime/7.37.3"
::1 - - [02/Aug/2024:12:26:44 +0000] "POST /auth/refresh-token HTTP/1.1" 401 50 "-" "PostmanRuntime/7.37.3"
::1 - - [02/Aug/2024:12:26:45 +0000] "POST /auth/refresh-token HTTP/1.1" 401 50 "-" "PostmanRuntime/7.37.3"
::1 - - [02/Aug/2024:12:26:46 +0000] "POST /auth/refresh-token HTTP/1.1" 401 50 "-" "PostmanRuntime/7.37.3"
::1 - - [02/Aug/2024:12:27:03 +0000] "POST /auth/refresh-token HTTP/1.1" 200 301 "-" "PostmanRuntime/7.37.3"
::1 - - [02/Aug/2024:12:27:25 +0000] "POST /auth/refresh-token HTTP/1.1" 401 50 "-" "PostmanRuntime/7.37.3"
::1 - - [02/Aug/2024:12:33:26 +0000] "POST /auth/refresh-token HTTP/1.1" 401 50 "-" "PostmanRuntime/7.37.3"
::1 - - [02/Aug/2024:12:33:28 +0000] "POST /auth/refresh-token HTTP/1.1" 401 50 "-" "PostmanRuntime/7.37.3"
::1 - - [02/Aug/2024:12:33:34 +0000] "POST /auth/refresh-token HTTP/1.1" 401 50 "-" "PostmanRuntime/7.37.3"
::1 - - [02/Aug/2024:12:33:48 +0000] "POST /auth/refresh-token HTTP/1.1" 401 50 "-" "PostmanRuntime/7.37.3"
::1 - - [02/Aug/2024:12:34:09 +0000] "POST /auth/refresh-token HTTP/1.1" 401 50 "-" "PostmanRuntime/7.37.3"
::1 - - [02/Aug/2024:12:34:10 +0000] "POST /auth/refresh-token HTTP/1.1" 401 50 "-" "PostmanRuntime/7.37.3"
::1 - - [02/Aug/2024:12:38:35 +0000] "POST /auth/refresh-token HTTP/1.1" 401 50 "-" "PostmanRuntime/7.37.3"
::1 - - [02/Aug/2024:12:38:37 +0000] "POST /auth/refresh-token HTTP/1.1" 401 50 "-" "PostmanRuntime/7.37.3"
::1 - - [02/Aug/2024:12:38:38 +0000] "POST /auth/refresh-token HTTP/1.1" 401 50 "-" "PostmanRuntime/7.37.3"
::1 - - [02/Aug/2024:12:38:39 +0000] "POST /auth/refresh-token HTTP/1.1" 401 50 "-" "PostmanRuntime/7.37.3"
::1 - - [02/Aug/2024:12:38:41 +0000] "POST /auth/refresh-token HTTP/1.1" 401 50 "-" "PostmanRuntime/7.37.3"
::1 - - [02/Aug/2024:12:39:15 +0000] "POST /auth/refresh-token HTTP/1.1" 401 50 "-" "PostmanRuntime/7.37.3"
::1 - - [02/Aug/2024:12:39:59 +0000] "POST /auth/refresh-token HTTP/1.1" 401 50 "-" "PostmanRuntime/7.37.3"
::1 - - [02/Aug/2024:12:40:00 +0000] "POST /auth/refresh-token HTTP/1.1" 401 50 "-" "PostmanRuntime/7.37.3"
::1 - - [02/Aug/2024:12:40:01 +0000] "POST /auth/refresh-token HTTP/1.1" 401 50 "-" "PostmanRuntime/7.37.3"
::1 - - [02/Aug/2024:12:40:25 +0000] "POST /auth/refresh-token HTTP/1.1" 401 50 "-" "PostmanRuntime/7.37.3"
::1 - - [02/Aug/2024:12:40:26 +0000] "POST /auth/refresh-token HTTP/1.1" 401 50 "-" "PostmanRuntime/7.37.3"
::1 - - [02/Aug/2024:12:40:50 +0000] "POST /auth/refresh-token HTTP/1.1" 401 46 "-" "PostmanRuntime/7.37.3"
::1 - - [02/Aug/2024:12:44:54 +0000] "POST /auth/refresh-token HTTP/1.1" 401 46 "-" "PostmanRuntime/7.37.3"
::1 - - [02/Aug/2024:12:45:01 +0000] "POST /auth/login HTTP/1.1" 401 64 "-" "PostmanRuntime/7.37.3"
::1 - - [02/Aug/2024:12:45:20 +0000] "POST /auth/login HTTP/1.1" 200 613 "-" "PostmanRuntime/7.37.3"
::1 - - [02/Aug/2024:12:46:01 +0000] "POST /auth/login HTTP/1.1" 200 613 "-" "PostmanRuntime/7.37.3"
::1 - - [02/Aug/2024:12:46:13 +0000] "POST /auth/refresh-token HTTP/1.1" 401 46 "-" "PostmanRuntime/7.37.3"
::1 - - [02/Aug/2024:12:46:22 +0000] "POST /auth/refresh-token HTTP/1.1" 401 46 "-" "PostmanRuntime/7.37.3"
::1 - - [02/Aug/2024:12:46:23 +0000] "POST /auth/refresh-token HTTP/1.1" 401 46 "-" "PostmanRuntime/7.37.3"
::1 - - [02/Aug/2024:12:47:00 +0000] "POST /auth/refresh-token HTTP/1.1" 401 53 "-" "PostmanRuntime/7.37.3"
::1 - - [02/Aug/2024:12:47:22 +0000] "POST /auth/refresh-token HTTP/1.1" 401 53 "-" "PostmanRuntime/7.37.3"
::1 - - [02/Aug/2024:12:48:19 +0000] "POST /auth/refresh-token HTTP/1.1" 401 72 "-" "PostmanRuntime/7.37.3"
::1 - - [02/Aug/2024:12:48:25 +0000] "POST /auth/refresh-token HTTP/1.1" 401 72 "-" "PostmanRuntime/7.37.3"
::1 - - [02/Aug/2024:12:48:50 +0000] "POST /auth/refresh-token HTTP/1.1" 200 301 "-" "PostmanRuntime/7.37.3"
::1 - - [06/Aug/2024:17:36:12 +0000] "POST /auth/refresh-token HTTP/1.1" 401 50 "-" "PostmanRuntime/7.40.0"
::1 - - [06/Aug/2024:17:36:22 +0000] "POST /auth/refresh-token HTTP/1.1" 401 50 "-" "PostmanRuntime/7.40.0"
::1 - - [06/Aug/2024:17:37:13 +0000] "POST /auth/refresh-token HTTP/1.1" 401 55 "-" "PostmanRuntime/7.40.0"
::1 - - [06/Aug/2024:17:37:23 +0000] "POST /auth/login HTTP/1.1" 200 613 "-" "PostmanRuntime/7.40.0"
::1 - - [06/Aug/2024:17:37:51 +0000] "POST /auth/refresh-token HTTP/1.1" 401 55 "-" "PostmanRuntime/7.40.0"
::1 - - [06/Aug/2024:17:37:55 +0000] "POST /auth/refresh-token HTTP/1.1" 401 55 "-" "PostmanRuntime/7.40.0"
::1 - - [06/Aug/2024:17:38:05 +0000] "POST /auth/refresh-token HTTP/1.1" 401 55 "-" "PostmanRuntime/7.40.0"
::1 - - [06/Aug/2024:17:39:10 +0000] "POST /auth/refresh-token HTTP/1.1" 401 55 "-" "PostmanRuntime/7.40.0"
::1 - - [06/Aug/2024:17:41:52 +0000] "POST /auth/refresh-token HTTP/1.1" 401 55 "-" "PostmanRuntime/7.40.0"
::1 - - [06/Aug/2024:17:41:58 +0000] "POST /auth/login HTTP/1.1" 200 613 "-" "PostmanRuntime/7.40.0"
::1 - - [06/Aug/2024:17:42:38 +0000] "POST /auth/refresh-token HTTP/1.1" 401 55 "-" "PostmanRuntime/7.40.0"
::1 - - [06/Aug/2024:17:42:48 +0000] "POST /auth/refresh-token HTTP/1.1" 400 184 "-" "PostmanRuntime/7.40.0"
::1 - - [06/Aug/2024:17:42:58 +0000] "POST /auth/refresh-token HTTP/1.1" 401 55 "-" "PostmanRuntime/7.40.0"
::1 - - [06/Aug/2024:17:43:18 +0000] "POST /auth/refresh-token HTTP/1.1" 401 59 "-" "PostmanRuntime/7.40.0"
::1 - - [06/Aug/2024:17:43:59 +0000] "POST /auth/refresh-token HTTP/1.1" 200 301 "-" "PostmanRuntime/7.40.0"
::1 - - [06/Aug/2024:17:45:20 +0000] "POST /auth/refresh-token HTTP/1.1" 200 335 "-" "PostmanRuntime/7.40.0"
